Using pre-set license
Built from '2020.2/release' branch; Version is '2020.2.1f1 (270dd8c3da1c) revision 2559448'; Using compiler version '192528614'; Build Type 'Release'
OS: 'Windows 10  (10.0.0) 64bit' Language: 'en' Physical Memory: 16299 MB
BatchMode: 1, IsHumanControllingUs: 0, StartBugReporterOnCrash: 0, Is64bit: 1, IsPro: 0

 COMMAND LINE ARGUMENTS:
D:\Unity_2020\2020.2.1f1\Editor\Unity.exe
-adb2
-batchMode
-noUpm
-name
AssetImportWorker0
-projectPath
C:/Users/zacbo/OneDrive/Desktop/ExampleVersionControl/Example-Version-Control-master
-logFile
Logs/AssetImportWorker0.log
-srvPort
50818
Successfully changed project path to: C:/Users/zacbo/OneDrive/Desktop/ExampleVersionControl/Example-Version-Control-master
C:/Users/zacbo/OneDrive/Desktop/ExampleVersionControl/Example-Version-Control-master
Using Asset Import Pipeline V2.
Refreshing native plugins compatible for Editor in 19.48 ms, found 0 plugins.
Preloading 0 native plugins for Editor in 0.00 ms.
Initialize engine version: 2020.2.1f1 (270dd8c3da1c)
[Subsystems] Discovering subsystems at path D:/Unity_2020/2020.2.1f1/Editor/Data/Resources/UnitySubsystems
[Subsystems] Discovering subsystems at path C:/Users/zacbo/OneDrive/Desktop/ExampleVersionControl/Example-Version-Control-master/Assets
GfxDevice: creating device client; threaded=0
Direct3D:
    Version:  Direct3D 11.0 [level 11.1]
    Renderer: NVIDIA GeForce GTX 1660 (ID=0x2184)
    Vendor:   
    VRAM:     5981 MB
    Driver:   31.0.15.4633
Initialize mono
Mono path[0] = 'D:/Unity_2020/2020.2.1f1/Editor/Data/Managed'
Mono path[1] = 'D:/Unity_2020/2020.2.1f1/Editor/Data/MonoBleedingEdge/lib/mono/unityjit'
Mono config path = 'D:/Unity_2020/2020.2.1f1/Editor/Data/MonoBleedingEdge/etc'
Using monoOptions --debugger-agent=transport=dt_socket,embedding=1,server=y,suspend=n,address=127.0.0.1:56116
Begin MonoManager ReloadAssembly
Registering precompiled unity dll's ...
Register platform support module: D:/Unity_2020/2020.2.1f1/Editor/Data/PlaybackEngines/WebGLSupport/UnityEditor.WebGL.Extensions.dll
Register platform support module: D:/Unity_2020/2020.2.1f1/Editor/Data/PlaybackEngines/WindowsStandaloneSupport/UnityEditor.WindowsStandalone.Extensions.dll
Registered in 0.001444 seconds.
Native extension for WindowsStandalone target not found
Native extension for WebGL target not found
Refreshing native plugins compatible for Editor in 18.99 ms, found 0 plugins.
Preloading 0 native plugins for Editor in 0.00 ms.
Invoked RoslynAnalysisRunner static constructor.
RoslynAnalysisRunner will not be running.
RoslynAnalysisRunner has terminated.
Mono: successfully reloaded assembly
- Completed reload, in  2.467 seconds
Platform modules already initialized, skipping
Registering precompiled user dll's ...
Registered in 0.000851 seconds.
Begin MonoManager ReloadAssembly
Native extension for WindowsStandalone target not found
Native extension for WebGL target not found
Refreshing native plugins compatible for Editor in 0.16 ms, found 0 plugins.
Preloading 0 native plugins for Editor in 0.00 ms.
Invoked RoslynAnalysisRunner static constructor.
RoslynAnalysisRunner will not be running.
RoslynAnalysisRunner has terminated.
Mono: successfully reloaded assembly
- Completed reload, in  0.769 seconds
Platform modules already initialized, skipping
========================================================================
Worker process is ready to serve import requests
Launched and connected shader compiler UnityShaderCompiler.exe after 0.03 seconds
Refreshing native plugins compatible for Editor in 0.16 ms, found 0 plugins.
Preloading 0 native plugins for Editor in 0.00 ms.
Unloading 976 Unused Serialized files (Serialized files now loaded: 0)
System memory in use before: 53.3 MB.
System memory in use after: 53.4 MB.

Unloading 9 unused Assets to reduce memory usage. Loaded Objects now: 1418.
Total: 1.411300 ms (FindLiveObjects: 0.120300 ms CreateObjectMapping: 0.035000 ms MarkObjects: 1.213100 ms  DeleteObjects: 0.041900 ms)

========================================================================
Received Import Request.
  path: Assets/ToCommit/New.prefab
  artifactKey: Guid(cd3009e13911ee447b427f9136d2b62b) Importer(815301076,1909f56bfc062723c751e8b465ee728b)
Start importing Assets/ToCommit/New.prefab using Guid(cd3009e13911ee447b427f9136d2b62b) Importer(815301076,1909f56bfc062723c751e8b465ee728b)  -> (artifact id: 'c152dd5ed048bea9948b38e72a9312af') in 0.053725 seconds
  Import took 0.055440 seconds .

========================================================================
Received Import Request.
  Time since last request: 2.708598 seconds.
  path: Assets/ToCommit/New.prefab
  artifactKey: Guid(cd3009e13911ee447b427f9136d2b62b) Importer(815301076,1909f56bfc062723c751e8b465ee728b)
Start importing Assets/ToCommit/New.prefab using Guid(cd3009e13911ee447b427f9136d2b62b) Importer(815301076,1909f56bfc062723c751e8b465ee728b)  -> (artifact id: 'c27e7260235a149ca727d28664a97f6a') in 0.062822 seconds
  Import took 0.064468 seconds .

AssetImportWorkerClient::OnTransportError - code=2 error=End of file
